Vim command to delete uninformative lines: :%s_.*<Command \'/usr/bin/google-chro.*starting process\n__
2016-02-29 19:17:02,134 - Already exists: abiword
2016-02-29 19:17:41,902 - Skipped: adonthell
2016-02-29 19:17:45,958 - Dead-upstream: adonthell
2016-02-29 19:22:59,812 - Skipped: afflib
2016-02-29 19:27:29,817 - Skipped: alacarte
2016-02-29 19:31:38,783 - Skipped: albumart
2016-02-29 19:36:25,829 - Skipped: ambari
2016-02-29 19:39:39,924 - Filed: antlr
2016-02-29 19:45:01,306 - Skipped: apitrace
2016-02-29 19:48:04,856 - Skipped: arandr
2016-02-29 19:50:18,095 - Skipped: archivemail
2016-02-29 19:50:20,847 - Dead-upstream: archivemail
2016-02-29 19:56:37,732 - Filed: arm-none-eabi-gdb
2016-02-29 19:56:41,236 - Dead-upstream: arm-none-eabi-gdb
2016-03-01 12:46:09,717 - Skipped: ascend
2016-03-01 12:56:54,480 - Skipped: atomicapp
2016-03-01 13:19:16,222 - Skipped: authconfig
2016-03-01 13:27:44,834 - Skipped: autojump
2016-03-01 14:07:37,424 - Skipped: autotest-framework
2016-03-01 14:07:54,457 - Filed: avahi
2016-03-01 14:24:10,032 - Skipped: avahi
2016-03-01 15:22:16,310 - Skipped: avahi
2016-03-01 15:25:30,876 - Skipped: avogadro
2016-03-01 15:28:07,219 - Already exists: b43-tools
2016-03-01 16:34:24,974 - Skipped: bacula2
2016-03-01 16:35:43,061 - Skipped: bakefile
2016-03-01 16:39:01,371 - Already exists: bandit
2016-03-01 16:43:07,266 - Already exists: barman
2016-03-01 16:46:11,680 - Skipped: barry
2016-03-01 16:52:54,831 - Filed: be
2016-03-01 16:55:44,780 - Skipped: beakerlib
2016-03-01 16:58:18,795 - Skipped: beecrypt
2016-03-01 16:59:08,106 - Skipped: belier
2016-03-01 17:04:27,432 - Already exists: binclock
2016-03-01 17:05:53,703 - Skipped: bios_extract
2016-03-01 17:09:48,926 - Skipped: bitbake
2016-03-01 17:11:02,533 - Skipped: blktrace
2016-03-01 17:21:19,401 - Skipped: blosc
2016-03-02 11:15:13,416 - Skipped: bluefish
2016-03-02 11:19:15,270 - Skipped: bmpanel2
2016-03-02 11:19:16,942 - Dead-upstream: bmpanel2
2016-03-02 11:26:50,666 - Skipped: boom
2016-03-02 11:46:14,610 - Skipped: boost
2016-03-02 11:56:54,189 - Filed: botan
2016-03-02 12:09:12,631 - Filed: breathe
2016-03-02 12:53:19,652 - Skipped: bugyou_plugins
2016-03-02 13:08:32,901 - Skipped: bugzilla
2016-03-02 13:25:20,813 - Skipped: bzr
2016-03-02 13:26:55,996 - Skipped: canl-c++
2016-03-02 13:28:31,499 - Skipped: cashe
2016-03-02 13:32:11,746 - Skipped: catfish
2016-03-02 13:39:12,847 - Filed: catkin
2016-03-02 14:00:44,469 - Filed: cdbs
2016-03-02 14:02:36,572 - Skipped: centerim
2016-03-02 14:10:42,321 - Skipped: ceph
2016-03-02 14:15:11,487 - Skipped: ceph-deploy
2016-03-02 14:16:50,614 - Skipped: certmaster
2016-03-02 14:18:16,013 - Skipped: certmaster
2016-03-02 14:18:18,413 - Dead-upstream: certmaster
2016-03-02 14:26:50,289 - Skipped: chameleon
2016-03-02 14:27:21,481 - Dead-upstream: chameleon
2016-03-02 14:29:28,000 - Skipped: chirp
2016-03-02 14:31:37,911 - Skipped: cinnamon-desktop
2016-03-02 14:32:34,535 - Skipped: clac
2016-03-02 14:32:35,455 - Dead-upstream: clac
2016-03-02 14:38:21,956 - Skipped: clang
2016-03-02 14:39:58,268 - Skipped: claws-mail
2016-03-02 14:42:57,938 - Skipped: clearsilver
2016-03-02 14:46:52,696 - Skipped: cloudtoserver
2016-03-02 16:37:17,998 - Skipped: clufter
2016-03-02 16:58:57,884 - Skipped: clusterPy
2016-03-02 17:01:53,458 - Skipped: clustershell
2016-03-02 17:05:06,025 - Filed: coccinelle
2016-03-02 17:15:51,283 - Skipped: codemod
2016-03-02 17:18:08,698 - Skipped: collectd
2016-03-02 17:40:27,585 - Skipped: comedilib
2016-03-02 17:41:26,848 - Skipped: comix
2016-03-02 17:41:29,008 - Dead-upstream: comix
2016-03-02 17:42:46,016 - Skipped: community-mysql
2016-03-02 17:49:24,973 - Skipped: compizconfig-python
2016-03-02 17:51:04,068 - Skipped: concordance
2016-03-02 18:00:42,848 - Skipped: condor
2016-03-02 18:11:40,379 - Skipped: contextkit
2016-03-02 18:11:45,563 - Dead-upstream: contextkit
2016-03-02 18:16:50,529 - Skipped: coot
2016-03-02 18:20:18,008 - Skipped: copr-frontend
2016-03-02 18:24:26,630 - Skipped: cptutils
2016-03-02 18:28:27,604 - Skipped: cracklib
2016-03-02 18:31:27,203 - Skipped: crossfire
2016-03-02 18:31:43,499 - Skipped: crossfire-maps
2016-03-02 18:32:41,250 - Skipped: crudminer
2016-03-02 18:46:57,292 - Skipped: cryptominisat4
2016-03-02 19:00:26,262 - Skipped: csdiff
2016-03-02 19:03:15,844 - Skipped: csound
2016-03-02 19:06:56,510 - Skipped: custodia
2016-03-02 19:08:43,490 - Skipped: cwiid
2016-03-02 19:08:44,434 - Dead-upstream: cwiid
2016-03-02 19:15:31,111 - Filed: cxxtest
2016-03-02 19:22:08,004 - Skipped: cyphesis
2016-03-02 19:42:21,011 - Filed: d-feet
2016-03-02 19:48:47,768 - Skipped: dblatex
2016-03-02 19:50:14,048 - Skipped: debconf
2016-03-02 19:53:13,039 - Skipped: dee
2016-03-02 19:54:38,542 - Skipped: denyhosts
2016-03-02 19:57:43,101 - Skipped: diffuse
2016-03-02 20:01:53,555 - Skipped: diskimage-builder
2016-03-02 20:07:13,880 - Skipped: disper
2016-03-02 20:13:29,350 - Skipped: distcc
2016-03-02 20:15:53,348 - Skipped: dmlite
2016-03-02 20:23:46,537 - Filed: dnsyo
2016-03-02 20:31:40,502 - Filed: doclifter
2016-03-03 11:21:20,150 - Skipped: dot2tex
2016-03-03 11:39:35,653 - Skipped: dpdk
2016-03-03 11:40:59,717 - Skipped: dput-ng
2016-03-03 11:43:22,004 - Skipped: drbdlinks
2016-03-03 11:46:23,875 - Skipped: driconf
2016-03-03 14:10:14,744 - Skipped: drobo-utils
2016-03-03 14:10:16,095 - Dead-upstream: drobo-utils
